000 (95196.000.000) 03/21 05:57:23 Job submitted from host: <131.225.190.121:9618?addrs=131.225.190.121-9618&noUDP&sock=349385_f124_3>
...
001 (95196.000.000) 03/21 05:58:13 Job executing on host: <131.225.206.179:64423?addrs=131.225.206.179-64423>
...
006 (95196.000.000) 03/21 05:58:23 Image size of job updated: 2
	3  -  MemoryUsage of job (MB)
	2420  -  ResidentSetSize of job (KB)
...
006 (95196.000.000) 03/21 05:59:24 Image size of job updated: 44728
	4  -  MemoryUsage of job (MB)
	3824  -  ResidentSetSize of job (KB)
...
006 (95196.000.000) 03/21 06:00:24 Image size of job updated: 668508
	140  -  MemoryUsage of job (MB)
	142588  -  ResidentSetSize of job (KB)
...
006 (95196.000.000) 03/21 06:01:25 Image size of job updated: 683740
	156  -  MemoryUsage of job (MB)
	159576  -  ResidentSetSize of job (KB)
...
006 (95196.000.000) 03/21 06:02:25 Image size of job updated: 775260
	247  -  MemoryUsage of job (MB)
	252540  -  ResidentSetSize of job (KB)
...
006 (95196.000.000) 03/21 06:03:26 Image size of job updated: 795880
	267  -  MemoryUsage of job (MB)
	273056  -  ResidentSetSize of job (KB)
...
006 (95196.000.000) 03/21 06:04:26 Image size of job updated: 795880
	267  -  MemoryUsage of job (MB)
	273072  -  ResidentSetSize of job (KB)
...
006 (95196.000.000) 03/21 06:06:26 Image size of job updated: 795880
	267  -  MemoryUsage of job (MB)
	273288  -  ResidentSetSize of job (KB)
...
006 (95196.000.000) 03/21 06:10:29 Image size of job updated: 801068
	272  -  MemoryUsage of job (MB)
	278164  -  ResidentSetSize of job (KB)
...
006 (95196.000.000) 03/21 06:11:29 Image size of job updated: 805576
	277  -  MemoryUsage of job (MB)
	282672  -  ResidentSetSize of job (KB)
...
006 (95196.000.000) 03/21 06:12:30 Image size of job updated: 805716
	277  -  MemoryUsage of job (MB)
	282812  -  ResidentSetSize of job (KB)
...
006 (95196.000.000) 03/21 06:14:30 Image size of job updated: 805796
	277  -  MemoryUsage of job (MB)
	283188  -  ResidentSetSize of job (KB)
...
006 (95196.000.000) 03/21 06:50:49 Image size of job updated: 813260
	284  -  MemoryUsage of job (MB)
	290652  -  ResidentSetSize of job (KB)
...
006 (95196.000.000) 03/21 06:54:52 Image size of job updated: 823592
	294  -  MemoryUsage of job (MB)
	300984  -  ResidentSetSize of job (KB)
...
006 (95196.000.000) 03/21 07:10:00 Image size of job updated: 825816
	294  -  MemoryUsage of job (MB)
	300984  -  ResidentSetSize of job (KB)
...
006 (95196.000.000) 03/21 07:53:20 Image size of job updated: 825816
	295  -  MemoryUsage of job (MB)
	301936  -  ResidentSetSize of job (KB)
...
006 (95196.000.000) 03/21 08:08:27 Image size of job updated: 833824
	304  -  MemoryUsage of job (MB)
	311008  -  ResidentSetSize of job (KB)
...
